#
# There is insufficient memory for the Java Runtime Environment to continue.
# Native memory allocation (malloc) failed to allocate 615136 bytes for Chunk::new
# Possible reasons:
#   The system is out of physical RAM or swap space
#   The process is running with CompressedOops enabled, and the Java Heap may be blocking the growth of the native heap
# Possible solutions:
#   Reduce memory load on the system
#   Increase physical memory or swap space
#   Check if swap backing store is full
#   Decrease Java heap size (-Xmx/-Xms)
#   Decrease number of Java threads
#   Decrease Java thread stack sizes (-Xss)
#   Set larger code cache with -XX:ReservedCodeCacheSize=
#   JVM is running with Unscaled Compressed Oops mode in which the Java heap is
#     placed in the first 4GB address space. The Java Heap base address is the
#     maximum limit for the native heap growth. Please use -XX:HeapBaseMinAddress
#     to set the Java Heap base and to place the Java Heap above 4GB virtual address.
# This output file may be truncated or incomplete.
#
#  Out of Memory Error (allocation.cpp:389), pid=752, tid=0x0000000000000ebc
#
# JRE version: Java(TM) SE Runtime Environment (8.0_211-b12) (build 1.8.0_211-b12)
# Java VM: Java HotSpot(TM) 64-Bit Server VM (25.211-b12 mixed mode windows-amd64 compressed oops)
# Failed to write core dump. Minidumps are not enabled by default on client versions of Windows
#

---------------  T H R E A D  ---------------

Current thread (0x000000001b1c2800):  JavaThread "C2 CompilerThread0" daemon [_thread_in_native, id=3772, stack(0x000000001b360000,0x000000001b460000)]

Stack: [0x000000001b360000,0x000000001b460000]
[error occurred during error reporting (printing stack bounds), id 0xc0000005]

Native frames: (J=compiled Java code, j=interpreted, Vv=VM code, C=native code)


Current CompileTask:
C2:   9286 3450       4       org.springframework.core.type.classreading.AnnotationReadingVisitorUtils::getMergedAnnotationAttributes (238 bytes)


---------------  P R O C E S S  ---------------

Java Threads: ( => current thread )
  0x0000000020fe6800 JavaThread "AsyncAppender-Worker-ASYNC" daemon [_thread_blocked, id=8988, stack(0x000000001ca20000,0x000000001cb20000)]
  0x000000001d4f9800 JavaThread "AsyncAppender-Worker-ASYNC" daemon [_thread_blocked, id=3444, stack(0x000000001e360000,0x000000001e460000)]
  0x000000001b2da800 JavaThread "Service Thread" daemon [_thread_blocked, id=2288, stack(0x000000001b760000,0x000000001b860000)]
  0x000000001b233000 JavaThread "C1 CompilerThread3" daemon [_thread_blocked, id=4716, stack(0x000000001b660000,0x000000001b760000)]
  0x000000001b22e000 JavaThread "C2 CompilerThread2" daemon [_thread_in_native, id=15316, stack(0x000000001b560000,0x000000001b660000)]
  0x000000001b1c3000 JavaThread "C2 CompilerThread1" daemon [_thread_in_native, id=14084, stack(0x000000001b460000,0x000000001b560000)]
=>0x000000001b1c2800 JavaThread "C2 CompilerThread0" daemon [_thread_in_native, id=3772, stack(0x000000001b360000,0x000000001b460000)]
  0x000000001a11a000 JavaThread "JDWP Command Reader" daemon [_thread_in_native, id=11192, stack(0x000000001aa60000,0x000000001ab60000)]
  0x000000001a119000 JavaThread "JDWP Event Helper Thread" daemon [_thread_blocked, id=13164, stack(0x000000001a960000,0x000000001aa60000)]
  0x000000001a10d000 JavaThread "JDWP Transport Listener: dt_socket" daemon [_thread_blocked, id=8716, stack(0x000000001a860000,0x000000001a960000)]
  0x000000001a0ff000 JavaThread "Attach Listener" daemon [_thread_blocked, id=5424, stack(0x000000001a760000,0x000000001a860000)]
  0x000000001a0a7800 JavaThread "Signal Dispatcher" daemon [_thread_blocked, id=6460, stack(0x000000001a660000,0x000000001a760000)]
  0x00000000182aa800 JavaThread "Finalizer" daemon [_thread_blocked, id=13836, stack(0x000000001a560000,0x000000001a660000)]
  0x000000001a080800 JavaThread "Reference Handler" daemon [_thread_blocked, id=7940, stack(0x000000001a460000,0x000000001a560000)]
  0x000000000309c800 JavaThread "main" [_thread_in_native, id=9012, stack(0x0000000002f90000,0x0000000003090000)]

Other Threads:
  0x000000001829c800 VMThread [stack: 0x0000000019f60000,0x000000001a060000] [id=15328]
  0x000000001b355000 WatcherThread [stack: 0x000000001c830000,0x000000001c930000] [id=14744]

VM state:not at safepoint (normal execution)

VM Mutex/Monitor currently owned by a thread: None

heap address: 0x0000000081c00000, size: 2020 MB, Compressed Oops mode: 32-bit
Narrow klass base: 0x0000000000000000, Narrow klass shift: 3
Compressed class space size: 1073741824 Address: 0x0000000100000000

Heap:
 PSYoungGen      total 272896K, used 77936K [0x00000000d5f00000, 0x00000000ed780000, 0x0000000100000000)
  eden space 260096K, 29% used [0x00000000d5f00000,0x00000000dab1c160,0x00000000e5d00000)
  from space 12800K, 0% used [0x00000000ecb00000,0x00000000ecb00000,0x00000000ed780000)
  to   space 9216K, 0% used [0x00000000e5d00000,0x00000000e5d00000,0x00000000e6600000)
 ParOldGen       total 46592K, used 16012K [0x0000000081c00000, 0x0000000084980000, 0x00000000d5f00000)
  object space 46592K, 34% used [0x0000000081c00000,0x0000000082ba32f0,0x0000000084980000)
 Metaspace       used 36203K, capacity 37540K, committed 37848K, reserved 1081344K
  class space    used 4781K, capacity 5064K, committed 5120K, reserved 1048576K

Card table byte_map: [0x00000000126e0000,0x0000000012ae0000] byte_map_base: 0x00000000122d2000

Marking Bits: (ParMarkBitMap*) 0x0000000066c65ce0
 Begin Bits: [0x0000000013590000, 0x0000000015520000)
 End Bits:   [0x0000000015520000, 0x00000000174b0000)

Polling page: 0x00000000012d0000

CodeCache: size=245760Kb used=12023Kb max_used=12023Kb free=233736Kb
 bounds [0x0000000003320000, 0x0000000003ef0000, 0x0000000012320000]
 total_blobs=3533 nmethods=3115 adapters=337
 compilation: enabled

Compilation events (10 events):
Event: 9.249 Thread 0x000000001b233000 3460       3       org.springframework.core.type.classreading.AnnotationMetadataReadingVisitor::isInterface (5 bytes)
Event: 9.249 Thread 0x000000001b233000 nmethod 3460 0x0000000003ecd650 code [0x0000000003ecd7a0, 0x0000000003ecd910]
Event: 9.251 Thread 0x000000001b233000 3462   !   3       org.springframework.context.annotation.ConfigurationClassUtils::isLiteConfigurationCandidate (121 bytes)
Event: 9.253 Thread 0x000000001b233000 nmethod 3462 0x0000000003ee21d0 code [0x0000000003ee24e0, 0x0000000003ee3dc8]
Event: 9.253 Thread 0x000000001b233000 3461       3       org.springframework.context.annotation.ConfigurationClassUtils::getOrder (32 bytes)
Event: 9.253 Thread 0x000000001b233000 nmethod 3461 0x0000000003edf2d0 code [0x0000000003edf480, 0x0000000003edfa28]
Event: 9.260 Thread 0x000000001b233000 3463   !   3       org.springframework.context.annotation.ConfigurationClassUtils::checkConfigurationClassCandidate (235 bytes)
Event: 9.263 Thread 0x000000001b233000 nmethod 3463 0x0000000003ee4750 code [0x0000000003ee4bc0, 0x0000000003ee77b8]
Event: 9.267 Thread 0x000000001b233000 3464       3       org.springframework.core.type.StandardAnnotationMetadata::isAnnotated (25 bytes)
Event: 9.268 Thread 0x000000001b233000 nmethod 3464 0x0000000003ede5d0 code [0x0000000003ede780, 0x0000000003edefe8]

GC Heap History (10 events):
Event: 4.462 GC heap before
{Heap before GC invocations=8 (full 1):
 PSYoungGen      total 139776K, used 3313K [0x00000000d5f00000, 0x00000000e7000000, 0x0000000100000000)
  eden space 131072K, 0% used [0x00000000d5f00000,0x00000000d5f00000,0x00000000ddf00000)
  from space 8704K, 38% used [0x00000000ddf00000,0x00000000de23c488,0x00000000de780000)
  to   space 8704K, 0% used [0x00000000e6780000,0x00000000e6780000,0x00000000e7000000)
 ParOldGen       total 87552K, used 5928K [0x0000000081c00000, 0x0000000087180000, 0x00000000d5f00000)
  object space 87552K, 6% used [0x0000000081c00000,0x00000000821ca370,0x0000000087180000)
 Metaspace       used 20651K, capacity 21154K, committed 21248K, reserved 1067008K
  class space    used 2598K, capacity 2755K, committed 2816K, reserved 1048576K
Event: 4.497 GC heap after
Heap after GC invocations=8 (full 1):
 PSYoungGen      total 139776K, used 0K [0x00000000d5f00000, 0x00000000e7000000, 0x0000000100000000)
  eden space 131072K, 0% used [0x00000000d5f00000,0x00000000d5f00000,0x00000000ddf00000)
  from space 8704K, 0% used [0x00000000ddf00000,0x00000000ddf00000,0x00000000de780000)
  to   space 8704K, 0% used [0x00000000e6780000,0x00000000e6780000,0x00000000e7000000)
 ParOldGen       total 46592K, used 5833K [0x0000000081c00000, 0x0000000084980000, 0x00000000d5f00000)
  object space 46592K, 12% used [0x0000000081c00000,0x00000000821b2560,0x0000000084980000)
 Metaspace       used 20651K, capacity 21154K, committed 21248K, reserved 1067008K
  class space    used 2598K, capacity 2755K, committed 2816K, reserved 1048576K
}
Event: 6.024 GC heap before
{Heap before GC invocations=9 (full 1):
 PSYoungGen      total 139776K, used 131072K [0x00000000d5f00000, 0x00000000e7000000, 0x0000000100000000)
  eden space 131072K, 100% used [0x00000000d5f00000,0x00000000ddf00000,0x00000000ddf00000)
  from space 8704K, 0% used [0x00000000ddf00000,0x00000000ddf00000,0x00000000de780000)
  to   space 8704K, 0% used [0x00000000e6780000,0x00000000e6780000,0x00000000e7000000)
 ParOldGen       total 46592K, used 5833K [0x0000000081c00000, 0x0000000084980000, 0x00000000d5f00000)
  object space 46592K, 12% used [0x0000000081c00000,0x00000000821b2560,0x0000000084980000)
 Metaspace       used 27264K, capacity 28130K, committed 28416K, reserved 1073152K
  class space    used 3516K, capacity 3721K, committed 3840K, reserved 1048576K
Event: 6.035 GC heap after
Heap after GC invocations=9 (full 1):
 PSYoungGen      total 249344K, used 7584K [0x00000000d5f00000, 0x00000000e6f00000, 0x0000000100000000)
  eden space 241664K, 0% used [0x00000000d5f00000,0x00000000d5f00000,0x00000000e4b00000)
  from space 7680K, 98% used [0x00000000e6780000,0x00000000e6ee8368,0x00000000e6f00000)
  to   space 9216K, 0% used [0x00000000e5d00000,0x00000000e5d00000,0x00000000e6600000)
 ParOldGen       total 46592K, used 5841K [0x0000000081c00000, 0x0000000084980000, 0x00000000d5f00000)
  object space 46592K, 12% used [0x0000000081c00000,0x00000000821b4560,0x0000000084980000)
 Metaspace       used 27264K, capacity 28130K, committed 28416K, reserved 1073152K
  class space    used 3516K, capacity 3721K, committed 3840K, reserved 1048576K
}
Event: 8.221 GC heap before
{Heap before GC invocations=10 (full 1):
 PSYoungGen      total 249344K, used 249248K [0x00000000d5f00000, 0x00000000e6f00000, 0x0000000100000000)
  eden space 241664K, 100% used [0x00000000d5f00000,0x00000000e4b00000,0x00000000e4b00000)
  from space 7680K, 98% used [0x00000000e6780000,0x00000000e6ee8368,0x00000000e6f00000)
  to   space 9216K, 0% used [0x00000000e5d00000,0x00000000e5d00000,0x00000000e6600000)
 ParOldGen       total 46592K, used 5841K [0x0000000081c00000, 0x0000000084980000, 0x00000000d5f00000)
  object space 46592K, 12% used [0x0000000081c00000,0x00000000821b4560,0x0000000084980000)
 Metaspace       used 31777K, capacity 32860K, committed 33024K, reserved 1077248K
  class space    used 4055K, capacity 4302K, committed 4352K, reserved 1048576K
Event: 8.248 GC heap after
Heap after GC invocations=10 (full 1):
 PSYoungGen      total 269312K, used 9195K [0x00000000d5f00000, 0x00000000ed780000, 0x0000000100000000)
  eden space 260096K, 0% used [0x00000000d5f00000,0x00000000d5f00000,0x00000000e5d00000)
  from space 9216K, 99% used [0x00000000e5d00000,0x00000000e65facd0,0x00000000e6600000)
  to   space 12800K, 0% used [0x00000000ecb00000,0x00000000ecb00000,0x00000000ed780000)
 ParOldGen       total 46592K, used 11611K [0x0000000081c00000, 0x0000000084980000, 0x00000000d5f00000)
  object space 46592K, 24% used [0x0000000081c00000,0x0000000082756ee8,0x0000000084980000)
 Metaspace       used 31777K, capacity 32860K, committed 33024K, reserved 1077248K
  class space    used 4055K, capacity 4302K, committed 4352K, reserved 1048576K
}
Event: 8.679 GC heap before
{Heap before GC invocations=11 (full 1):
 PSYoungGen      total 269312K, used 57486K [0x00000000d5f00000, 0x00000000ed780000, 0x0000000100000000)
  eden space 260096K, 18% used [0x00000000d5f00000,0x00000000d8e28f20,0x00000000e5d00000)
  from space 9216K, 99% used [0x00000000e5d00000,0x00000000e65facd0,0x00000000e6600000)
  to   space 12800K, 0% used [0x00000000ecb00000,0x00000000ecb00000,0x00000000ed780000)
 ParOldGen       total 46592K, used 11611K [0x0000000081c00000, 0x0000000084980000, 0x00000000d5f00000)
  object space 46592K, 24% used [0x0000000081c00000,0x0000000082756ee8,0x0000000084980000)
 Metaspace       used 34139K, capacity 35338K, committed 35416K, reserved 1079296K
  class space    used 4395K, capacity 4675K, committed 4736K, reserved 1048576K
Event: 8.688 GC heap after
Heap after GC invocations=11 (full 1):
 PSYoungGen      total 272896K, used 8654K [0x00000000d5f00000, 0x00000000ed780000, 0x0000000100000000)
  eden space 260096K, 0% used [0x00000000d5f00000,0x00000000d5f00000,0x00000000e5d00000)
  from space 12800K, 67% used [0x00000000ecb00000,0x00000000ed373a70,0x00000000ed780000)
  to   space 9216K, 0% used [0x00000000e5d00000,0x00000000e5d00000,0x00000000e6600000)
 ParOldGen       total 46592K, used 13931K [0x0000000081c00000, 0x0000000084980000, 0x00000000d5f00000)
  object space 46592K, 29% used [0x0000000081c00000,0x000000008299aff8,0x0000000084980000)
 Metaspace       used 34139K, capacity 35338K, committed 35416K, reserved 1079296K
  class space    used 4395K, capacity 4675K, committed 4736K, reserved 1048576K
}
Event: 8.688 GC heap before
{Heap before GC invocations=12 (full 2):
 PSYoungGen      total 272896K, used 8654K [0x00000000d5f00000, 0x00000000ed780000, 0x0000000100000000)
  eden space 260096K, 0% used [0x00000000d5f00000,0x00000000d5f00000,0x00000000e5d00000)
  from space 12800K, 67% used [0x00000000ecb00000,0x00000000ed373a70,0x00000000ed780000)
  to   space 9216K, 0% used [0x00000000e5d00000,0x00000000e5d00000,0x00000000e6600000)
 ParOldGen       total 46592K, used 13931K [0x0000000081c00000, 0x0000000084980000, 0x00000000d5f00000)
  object space 46592K, 29% used [0x0000000081c00000,0x000000008299aff8,0x0000000084980000)
 Metaspace       used 34139K, capacity 35338K, committed 35416K, reserved 1079296K
  class space    used 4395K, capacity 4675K, committed 4736K, reserved 1048576K
Event: 8.745 GC heap after
Heap after GC invocations=12 (full 2):
 PSYoungGen      total 272896K, used 0K [0x00000000d5f00000, 0x00000000ed780000, 0x0000000100000000)
  eden space 260096K, 0% used [0x00000000d5f00000,0x00000000d5f00000,0x00000000e5d00000)
  from space 12800K, 0% used [0x00000000ecb00000,0x00000000ecb00000,0x00000000ed780000)
  to   space 9216K, 0% used [0x00000000e5d00000,0x00000000e5d00000,0x00000000e6600000)
 ParOldGen       total 46592K, used 16012K [0x0000000081c00000, 0x0000000084980000, 0x00000000d5f00000)
  object space 46592K, 34% used [0x0000000081c00000,0x0000000082ba32f0,0x0000000084980000)
 Metaspace       used 34137K, capacity 35332K, committed 35416K, reserved 1079296K
  class space    used 4394K, capacity 4674K, committed 4736K, reserved 1048576K
}

Deoptimization events (10 events):
Event: 8.615 Thread 0x000000000309c800 Uncommon trap: reason=array_check action=maybe_recompile pc=0x0000000003e3266c method=sun.reflect.annotation.AnnotationParser.parseAnnotationArray(ILjava/lang/Class;Ljava/nio/ByteBuffer;Lsun/reflect/ConstantPool;Ljava/lang/Class;)Ljava/lang/Object; @ 53
Event: 8.615 Thread 0x000000000309c800 Uncommon trap: reason=array_check action=maybe_recompile pc=0x0000000003e3266c method=sun.reflect.annotation.AnnotationParser.parseAnnotationArray(ILjava/lang/Class;Ljava/nio/ByteBuffer;Lsun/reflect/ConstantPool;Ljava/lang/Class;)Ljava/lang/Object; @ 53
Event: 8.641 Thread 0x000000000309c800 Uncommon trap: reason=class_check action=maybe_recompile pc=0x0000000003ddb60c method=org.springframework.util.ConcurrentReferenceHashMap$Segment.findInChain(Lorg/springframework/util/ConcurrentReferenceHashMap$Reference;Ljava/lang/Object;I)Lorg/springfra
Event: 8.924 Thread 0x000000000309c800 Uncommon trap: reason=unstable_if action=reinterpret pc=0x0000000003739bb0 method=org.springframework.util.ConcurrentReferenceHashMap$Segment.restructureIfNecessary(Z)V @ 34
Event: 8.925 Thread 0x000000000309c800 Uncommon trap: reason=class_check action=maybe_recompile pc=0x0000000003ddb60c method=org.springframework.util.ConcurrentReferenceHashMap$Segment.findInChain(Lorg/springframework/util/ConcurrentReferenceHashMap$Reference;Ljava/lang/Object;I)Lorg/springfra
Event: 8.983 Thread 0x000000000309c800 Uncommon trap: reason=class_check action=maybe_recompile pc=0x0000000003ddb60c method=org.springframework.util.ConcurrentReferenceHashMap$Segment.findInChain(Lorg/springframework/util/ConcurrentReferenceHashMap$Reference;Ljava/lang/Object;I)Lorg/springfra
Event: 8.988 Thread 0x000000000309c800 Uncommon trap: reason=class_check action=maybe_recompile pc=0x0000000003ddb60c method=org.springframework.util.ConcurrentReferenceHashMap$Segment.findInChain(Lorg/springframework/util/ConcurrentReferenceHashMap$Reference;Ljava/lang/Object;I)Lorg/springfra
Event: 8.988 Thread 0x000000000309c800 Uncommon trap: reason=class_check action=maybe_recompile pc=0x0000000003c8150c method=org.springframework.util.ConcurrentReferenceHashMap$Segment.findInChain(Lorg/springframework/util/ConcurrentReferenceHashMap$Reference;Ljava/lang/Object;I)Lorg/springfra
Event: 9.110 Thread 0x000000000309c800 Uncommon trap: reason=bimorphic action=maybe_recompile pc=0x0000000003e1e40c method=org.springframework.util.StringUtils.collectionToDelimitedString(Ljava/util/Collection;Ljava/lang/String;Ljava/lang/String;Ljava/lang/String;)Ljava/lang/String; @ 20
Event: 9.160 Thread 0x000000000309c800 Uncommon trap: reason=bimorphic action=maybe_recompile pc=0x0000000003e1e40c method=org.springframework.util.StringUtils.collectionToDelimitedString(Ljava/util/Collection;Ljava/lang/String;Ljava/lang/String;Ljava/lang/String;)Ljava/lang/String; @ 20

Classes redefined (0 events):
No events

Internal exceptions (10 events):
Event: 6.371 Thread 0x000000000309c800 Exception <a 'java/lang/ClassNotFoundException': org/springframework/context/EnvironmentAwareCustomizer> (0x00000000d7541520) thrown at [C:\re\workspace\8-2-build-windows-amd64-cygwin\jdk8u211\12973\hotspot\src\share\vm\classfile\systemDictionary.cpp, lin
Event: 6.372 Thread 0x000000000309c800 Exception <a 'java/lang/ClassNotFoundException': org/springframework/beans/factory/AwareCustomizer> (0x00000000d7579a20) thrown at [C:\re\workspace\8-2-build-windows-amd64-cygwin\jdk8u211\12973\hotspot\src\share\vm\classfile\systemDictionary.cpp, line 210
Event: 6.381 Thread 0x000000000309c800 Exception <a 'java/lang/NoSuchMethodError': java.lang.Object.lambda$comparing$77a9974f$1(Ljava/util/function/Function;Ljava/lang/Object;Ljava/lang/Object;)I> (0x00000000d7611478) thrown at [C:\re\workspace\8-2-build-windows-amd64-cygwin\jdk8u211\12973\hot
Event: 7.115 Thread 0x000000000309c800 Exception <a 'java/lang/IncompatibleClassChangeError': Found class java.lang.Object, but interface was expected> (0x00000000ddefbdd0) thrown at [C:\re\workspace\8-2-build-windows-amd64-cygwin\jdk8u211\12973\hotspot\src\share\vm\interpreter\linkResolver.cp
Event: 8.447 Thread 0x000000000309c800 Exception <a 'java/lang/NoSuchMethodError': org.slf4j.impl.StaticMarkerBinder.getSingleton()Lorg/slf4j/impl/StaticMarkerBinder;> (0x00000000d73c91d0) thrown at [C:\re\workspace\8-2-build-windows-amd64-cygwin\jdk8u211\12973\hotspot\src\share\vm\interpreter
Event: 8.459 Thread 0x000000000309c800 Implicit null exception at 0x0000000003660313 to 0x0000000003660985
Event: 8.462 Thread 0x000000000309c800 Implicit null exception at 0x00000000037f79f9 to 0x00000000037f7de9
Event: 8.478 Thread 0x000000000309c800 Implicit null exception at 0x000000000353791a to 0x0000000003537edd
Event: 8.481 Thread 0x000000000309c800 Implicit null exception at 0x0000000003554539 to 0x000000000355492d
Event: 8.936 Thread 0x000000000309c800 Exception <a 'java/lang/NoSuchMethodError': java.lang.Object.lambda$andThen$1(Ljava/util/function/Function;Ljava/lang/Object;)Ljava/lang/Object;> (0x00000000d7703000) thrown at [C:\re\workspace\8-2-build-windows-amd64-cygwin\jdk8u211\12973\hotspot\src\sha

Events (10 events):
Event: 9.276 loading class org/apache/ibatis/session/Configuration
Event: 9.276 loading class org/apache/ibatis/session/Configuration done
Event: 9.280 loading class org/springframework/aop/framework/autoproxy/BeanFactoryAdvisorRetrievalHelper
Event: 9.280 loading class org/springframework/aop/framework/autoproxy/BeanFactoryAdvisorRetrievalHelper done
Event: 9.281 loading class org/springframework/aop/framework/autoproxy/AbstractAdvisorAutoProxyCreator$BeanFactoryAdvisorRetrievalHelperAdapter
Event: 9.281 loading class org/springframework/aop/framework/autoproxy/AbstractAdvisorAutoProxyCreator$BeanFactoryAdvisorRetrievalHelperAdapter done
Event: 9.282 loading class org/springframework/aop/aspectj/annotation/AspectJAdvisorFactory
Event: 9.282 loading class org/springframework/aop/aspectj/annotation/AspectJAdvisorFactory done
Event: 9.283 loading class org/springframework/aop/aspectj/annotation/BeanFactoryAspectJAdvisorsBuilder
Event: 9.283 loading class org/springframework/aop/aspectj/annotation/BeanFactoryAspectJAdvisorsBuilder done


Dynamic libraries:
0x00007ff655d50000 - 0x00007ff655d87000 	D:\develop\jdk\jdk1.8.0_211\bin\java.exe
0x00007ffd74e40000 - 0x00007ffd75030000 	C:\Windows\SYSTEM32\ntdll.dll
0x00007ffd73360000 - 0x00007ffd73412000 	C:\Windows\System32\KERNEL32.DLL
0x00007ffd71e30000 - 0x00007ffd720d3000 	C:\Windows\System32\KERNELBASE.dll
0x00007ffd73c80000 - 0x00007ffd73d23000 	C:\Windows\System32\ADVAPI32.dll
0x00007ffd735d0000 - 0x00007ffd7366e000 	C:\Windows\System32\msvcrt.dll
0x00007ffd73be0000 - 0x00007ffd73c77000 	C:\Windows\System32\sechost.dll
0x00007ffd72f00000 - 0x00007ffd73020000 	C:\Windows\System32\RPCRT4.dll
0x00007ffd74810000 - 0x00007ffd749a3000 	C:\Windows\System32\USER32.dll
0x00007ffd72b90000 - 0x00007ffd72bb1000 	C:\Windows\System32\win32u.dll
0x00007ffd73d30000 - 0x00007ffd73d56000 	C:\Windows\System32\GDI32.dll
0x00007ffd72d60000 - 0x00007ffd72ef4000 	C:\Windows\System32\gdi32full.dll
0x00007ffd72aa0000 - 0x00007ffd72b3e000 	C:\Windows\System32\msvcp_win.dll
0x00007ffd720e0000 - 0x00007ffd721da000 	C:\Windows\System32\ucrtbase.dll
0x00007ffd60d60000 - 0x00007ffd60fe5000 	C:\Windows\WinSxS\amd64_microsoft.windows.common-controls_6595b64144ccf1df_6.0.18362.175_none_e6c3ab1f131014c9\COMCTL32.dll
0x00007ffd73020000 - 0x00007ffd73356000 	C:\Windows\System32\combase.dll
0x00007ffd721e0000 - 0x00007ffd72261000 	C:\Windows\System32\bcryptPrimitives.dll
0x00007ffd73d60000 - 0x00007ffd73d8e000 	C:\Windows\System32\IMM32.DLL
0x0000000066cf0000 - 0x0000000066dc2000 	D:\develop\jdk\jdk1.8.0_211\jre\bin\msvcr100.dll
0x0000000066440000 - 0x0000000066ce5000 	D:\develop\jdk\jdk1.8.0_211\jre\bin\server\jvm.dll
0x00007ffd74c50000 - 0x00007ffd74c58000 	C:\Windows\System32\PSAPI.DLL
0x00007ffd6f9e0000 - 0x00007ffd6fa04000 	C:\Windows\SYSTEM32\WINMM.dll
0x00007ffd6acf0000 - 0x00007ffd6acf9000 	C:\Windows\SYSTEM32\WSOCK32.dll
0x00007ffd69010000 - 0x00007ffd6901a000 	C:\Windows\SYSTEM32\VERSION.dll
0x00007ffd74d90000 - 0x00007ffd74dff000 	C:\Windows\System32\WS2_32.dll
0x00007ffd6f560000 - 0x00007ffd6f58d000 	C:\Windows\SYSTEM32\winmmbase.dll
0x00007ffd72d10000 - 0x00007ffd72d5a000 	C:\Windows\System32\cfgmgr32.dll
0x00007ffd6add0000 - 0x00007ffd6addf000 	D:\develop\jdk\jdk1.8.0_211\jre\bin\verify.dll
0x00007ffd5acd0000 - 0x00007ffd5acf9000 	D:\develop\jdk\jdk1.8.0_211\jre\bin\java.dll
0x00007ffd40a30000 - 0x00007ffd40a65000 	D:\develop\jdk\jdk1.8.0_211\jre\bin\jdwp.dll
0x00007ffd635e0000 - 0x00007ffd635e8000 	D:\develop\jdk\jdk1.8.0_211\jre\bin\npt.dll
0x00007ffd4ea60000 - 0x00007ffd4ea83000 	D:\develop\jdk\jdk1.8.0_211\jre\bin\instrument.dll
0x00007ffd5f2d0000 - 0x00007ffd5f2e6000 	D:\develop\jdk\jdk1.8.0_211\jre\bin\zip.dll
0x00007ffd74130000 - 0x00007ffd74810000 	C:\Windows\System32\SHELL32.dll
0x00007ffd73e80000 - 0x00007ffd73f29000 	C:\Windows\System32\shcore.dll
0x00007ffd72320000 - 0x00007ffd72a9b000 	C:\Windows\System32\windows.storage.dll
0x00007ffd71d40000 - 0x00007ffd71d5f000 	C:\Windows\System32\profapi.dll
0x00007ffd71d60000 - 0x00007ffd71daa000 	C:\Windows\System32\powrprof.dll
0x00007ffd71d10000 - 0x00007ffd71d20000 	C:\Windows\System32\UMPDC.dll
0x00007ffd740d0000 - 0x00007ffd74122000 	C:\Windows\System32\shlwapi.dll
0x00007ffd71d20000 - 0x00007ffd71d31000 	C:\Windows\System32\kernel.appcore.dll
0x00007ffd72b40000 - 0x00007ffd72b57000 	C:\Windows\System32\cryptsp.dll
0x00007ffd62140000 - 0x00007ffd62149000 	D:\develop\jdk\jdk1.8.0_211\jre\bin\dt_socket.dll
0x00007ffd71510000 - 0x00007ffd71577000 	C:\Windows\system32\mswsock.dll
0x00007ffd5e5f0000 - 0x00007ffd5e60a000 	D:\develop\jdk\jdk1.8.0_211\jre\bin\net.dll
0x00007ffd62710000 - 0x00007ffd628e4000 	C:\Windows\SYSTEM32\urlmon.dll
0x00007ffd63320000 - 0x00007ffd635c6000 	C:\Windows\SYSTEM32\iertutil.dll
0x00007ffd716e0000 - 0x00007ffd716ec000 	C:\Windows\SYSTEM32\CRYPTBASE.DLL
0x00007ffd71270000 - 0x00007ffd712aa000 	C:\Windows\SYSTEM32\IPHLPAPI.DLL
0x00007ffd73670000 - 0x00007ffd73678000 	C:\Windows\System32\NSI.dll
0x00007ffd69340000 - 0x00007ffd69356000 	C:\Windows\SYSTEM32\dhcpcsvc6.DLL
0x00007ffd69320000 - 0x00007ffd6933c000 	C:\Windows\SYSTEM32\dhcpcsvc.DLL
0x00007ffd712b0000 - 0x00007ffd7137a000 	C:\Windows\SYSTEM32\DNSAPI.dll
0x00007ffd69020000 - 0x00007ffd6902a000 	C:\Windows\System32\rasadhlp.dll
0x00007ffd66640000 - 0x00007ffd666b7000 	C:\Windows\System32\fwpuclnt.dll
0x00007ffd72b60000 - 0x00007ffd72b86000 	C:\Windows\System32\bcrypt.dll
0x00007ffd69290000 - 0x00007ffd6929d000 	D:\develop\jdk\jdk1.8.0_211\jre\bin\management.dll
0x00007ffd5a960000 - 0x00007ffd5a976000 	C:\Windows\system32\napinsp.dll
0x00007ffd5a500000 - 0x00007ffd5a51a000 	C:\Windows\system32\pnrpnsp.dll
0x00007ffd5dfa0000 - 0x00007ffd5dfae000 	C:\Windows\System32\winrnr.dll
0x00007ffd6e2c0000 - 0x00007ffd6e2dc000 	C:\Windows\system32\NLAapi.dll
0x00007ffd6d7a0000 - 0x00007ffd6d7b5000 	C:\Windows\system32\wshbth.dll
0x00007ffd500e0000 - 0x00007ffd500f2000 	D:\develop\jdk\jdk1.8.0_211\jre\bin\nio.dll

VM Arguments:
jvm_args: -agentlib:jdwp=transport=dt_socket,address=127.0.0.1:7199,suspend=y,server=n -ea -Didea.test.cyclic.buffer.size=1048576 -javaagent:C:\Users\Administrator\.IntelliJIdea2019.1\system\captureAgent\debugger-agent.jar -Dfile.encoding=UTF-8 
java_command: com.intellij.rt.execution.junit.JUnitStarter -ideVersion5 -junit4 testMapper,test1
java_class_path (initial): D:\develop\JetBrains\IntelliJ IDEA 2019.1.3\lib\idea_rt.jar;D:\develop\JetBrains\IntelliJ IDEA 2019.1.3\plugins\junit\lib\junit-rt.jar;D:\develop\JetBrains\IntelliJ IDEA 2019.1.3\plugins\junit\lib\junit5-rt.jar;D:\develop\jdk\jdk1.8.0_211\jre\lib\charsets.jar;D:\develop\jdk\jdk1.8.0_211\jre\lib\deploy.jar;D:\develop\jdk\jdk1.8.0_211\jre\lib\ext\access-bridge-64.jar;D:\develop\jdk\jdk1.8.0_211\jre\lib\ext\cldrdata.jar;D:\develop\jdk\jdk1.8.0_211\jre\lib\ext\dnsns.jar;D:\develop\jdk\jdk1.8.0_211\jre\lib\ext\jaccess.jar;D:\develop\jdk\jdk1.8.0_211\jre\lib\ext\jfxrt.jar;D:\develop\jdk\jdk1.8.0_211\jre\lib\ext\localedata.jar;D:\develop\jdk\jdk1.8.0_211\jre\lib\ext\nashorn.jar;D:\develop\jdk\jdk1.8.0_211\jre\lib\ext\sunec.jar;D:\develop\jdk\jdk1.8.0_211\jre\lib\ext\sunjce_provider.jar;D:\develop\jdk\jdk1.8.0_211\jre\lib\ext\sunmscapi.jar;D:\develop\jdk\jdk1.8.0_211\jre\lib\ext\sunpkcs11.jar;D:\develop\jdk\jdk1.8.0_211\jre\lib\ext\zipfs.jar;D:\develop\jdk\jdk1.8.0_211\jre\lib\javaws.jar;D:\develop\jdk\jdk1.8.0_211\jre\lib\jce.jar;D:\develop\jdk\jdk1.8.0_211\jre\lib\jfr.jar;D:\develop\jdk\jdk1.8.0_211\jre\lib\jfxswt.jar;D:\develop\jdk\jdk1.8.0_211\jre\lib\jsse.jar;D:\develop\jdk\jdk1.8.0_211\jre\lib\management-agent.jar;D:\develop\jdk\jdk1.8.0_211\jre\lib\plugin.jar;D:\develop\jdk\jdk1.8.0_211\jre\lib\resources.jar;D:\develop\jdk\jdk1.8.0_211\jre\lib\rt.jar;D:\Projects\IdeaProjects\xcEduService01\xc-service-ucenter\target\test-classes;D:\Projects\IdeaProjects\xcEduService01\xc-service-ucenter\target\classes;D:\Projects\IdeaProjects\xcEduService01\xc-framework-model\target\classes;D:\develop\apache-maven-3.6.1-bin\mvn_repository\io\springfox\springfox-swagger2\2.9.2\springfox-swagger2-2.9.2.jar;D:\develop\apache-maven-3.6.1-bin\mvn_repository\io\swagger\swagger-annotations\1.5.20\swagger-annotations-1.5.20.jar;D:\develop\apache-maven-3.6.1-bin\mvn_repository\io\swagger\swagger-models\1.5.20\swagger-models-1.5.20.jar;D:\develop\apache-maven-3.6.1-
Launcher Type: SUN_STANDARD

Environment Variables:
JAVA_HOME=D:\develop\jdk\jdk1.8.0_211
PATH=C:\Program Files (x86)\Common Files\Oracle\Java\javapath;C:\Windows\system32;C:\Windows;C:\Windows\System32\Wbem;C:\Windows\System32\WindowsPowerShell\v1.0\;C:\Windows\System32\OpenSSH\;D:\develop\nodejs\;D:\develop\jdk\jdk1.8.0_211\bin;D:\develop\jdk\jdk1.8.0_211\jre\bin;D:\develop\erl10.4\bin;D:\develop\mysql\mysql-8.0.16-winx64\bin;D:\develop\MongoDB\Server\4.2\bin;D:\develop\nodejs;D:\develop\nodejs\npm_modules;D:\develop\Git\cmd;D:\develop\TortoiseGit\bin;D:\develop\Microsoft VS Code\bin;D:\app\ffmpeg\ffmpeg-20190623-ffa64a4-win64-static\bin;D:\develop\OpenSSL-Win64\bin;D:\develop\Ruby25-x64\bin;C:\Users\Administrator\AppData\Local\Microsoft\WindowsApps;;D:\develop\JetBrains\WebStorm 2019.1.3\bin;;D:\develop\JetBrains\IntelliJ IDEA 2019.1.3\bin;;C:\Users\Administrator\AppData\Roaming\npm
USERNAME=Administrator
OS=Windows_NT
PROCESSOR_IDENTIFIER=Intel64 Family 6 Model 142 Stepping 10, GenuineIntel



---------------  S Y S T E M  ---------------

OS: Windows 10.0 , 64 bit Build 18362 (10.0.18362.86)

CPU:total 8 (initial active 8) (4 cores per cpu, 2 threads per core) family 6 model 142 stepping 10, cmov, cx8, fxsr, mmx, sse, sse2, sse3, ssse3, sse4.1, sse4.2, popcnt, avx, avx2, aes, clmul, erms, 3dnowpref, lzcnt, ht, tsc, tscinvbit, bmi1, bmi2, adx

Memory: 4k page, physical 8269924k(469576k free), swap 14823520k(5472k free)

vm_info: Java HotSpot(TM) 64-Bit Server VM (25.211-b12) for windows-amd64 JRE (1.8.0_211-b12), built on Apr  1 2019 20:53:26 by "java_re" with MS VC++ 10.0 (VS2010)

time: Mon Jul 01 16:24:43 2019
timezone: 中国标准时间
elapsed time: 9 seconds (0d 0h 0m 9s)

