#
# There is insufficient memory for the Java Runtime Environment to continue.
# Native memory allocation (malloc) failed to allocate 2407680 bytes for Chunk::new
# Possible reasons:
#   The system is out of physical RAM or swap space
#   The process is running with CompressedOops enabled, and the Java Heap may be blocking the growth of the native heap
# Possible solutions:
#   Reduce memory load on the system
#   Increase physical memory or swap space
#   Check if swap backing store is full
#   Decrease Java heap size (-Xmx/-Xms)
#   Decrease number of Java threads
#   Decrease Java thread stack sizes (-Xss)
#   Set larger code cache with -XX:ReservedCodeCacheSize=
#   JVM is running with Unscaled Compressed Oops mode in which the Java heap is
#     placed in the first 4GB address space. The Java Heap base address is the
#     maximum limit for the native heap growth. Please use -XX:HeapBaseMinAddress
#     to set the Java Heap base and to place the Java Heap above 4GB virtual address.
# This output file may be truncated or incomplete.
#
#  Out of Memory Error (allocation.cpp:389), pid=11748, tid=0x0000000000003884
#
# JRE version: Java(TM) SE Runtime Environment (8.0_211-b12) (build 1.8.0_211-b12)
# Java VM: Java HotSpot(TM) 64-Bit Server VM (25.211-b12 mixed mode windows-amd64 compressed oops)
# Failed to write core dump. Minidumps are not enabled by default on client versions of Windows
#

---------------  T H R E A D  ---------------

Current thread (0x000000001aa9a800):  JavaThread "C2 CompilerThread2" daemon [_thread_in_native, id=14468, stack(0x000000001ade0000,0x000000001aee0000)]

Stack: [0x000000001ade0000,0x000000001aee0000]
[error occurred during error reporting (printing stack bounds), id 0xc0000005]

Native frames: (J=compiled Java code, j=interpreted, Vv=VM code, C=native code)


Current CompileTask:
C2:   9012 4870   !   4       java.net.URLClassLoader::definePackageInternal (81 bytes)


---------------  P R O C E S S  ---------------

Java Threads: ( => current thread )
  0x000000001ce3f800 JavaThread "Druid-ConnectionPool-Destroy-1991443937" daemon [_thread_blocked, id=15132, stack(0x0000000025a60000,0x0000000025b60000)]
  0x000000001ce44800 JavaThread "Druid-ConnectionPool-Create-1991443937" daemon [_thread_blocked, id=8208, stack(0x000000001e240000,0x000000001e340000)]
  0x000000001ce40000 JavaThread "mysql-cj-abandoned-connection-cleanup" daemon [_thread_blocked, id=15172, stack(0x000000001dee0000,0x000000001dfe0000)]
  0x000000001ce44000 JavaThread "AsyncAppender-Worker-ASYNC" daemon [_thread_blocked, id=15292, stack(0x000000001c260000,0x000000001c360000)]
  0x000000001ce43000 JavaThread "AsyncAppender-Worker-ASYNC" daemon [_thread_blocked, id=12668, stack(0x000000001d7b0000,0x000000001d8b0000)]
  0x000000001aafc800 JavaThread "Service Thread" daemon [_thread_blocked, id=7796, stack(0x000000001afe0000,0x000000001b0e0000)]
  0x000000001aa9b800 JavaThread "C1 CompilerThread3" daemon [_thread_in_native, id=12128, stack(0x000000001aee0000,0x000000001afe0000)]
=>0x000000001aa9a800 JavaThread "C2 CompilerThread2" daemon [_thread_in_native, id=14468, stack(0x000000001ade0000,0x000000001aee0000)]
  0x000000001aa9a000 JavaThread "C2 CompilerThread1" daemon [_thread_in_native, id=13148, stack(0x000000001ace0000,0x000000001ade0000)]
  0x000000001aa99000 JavaThread "C2 CompilerThread0" daemon [_thread_in_native, id=10372, stack(0x000000001abe0000,0x000000001ace0000)]
  0x000000001999a800 JavaThread "JDWP Command Reader" daemon [_thread_in_native, id=13660, stack(0x000000001a2e0000,0x000000001a3e0000)]
  0x0000000019997800 JavaThread "JDWP Event Helper Thread" daemon [_thread_blocked, id=4460, stack(0x000000001a1e0000,0x000000001a2e0000)]
  0x000000001998b800 JavaThread "JDWP Transport Listener: dt_socket" daemon [_thread_blocked, id=15000, stack(0x000000001a0e0000,0x000000001a1e0000)]
  0x000000001997d000 JavaThread "Attach Listener" daemon [_thread_blocked, id=16008, stack(0x0000000019fe0000,0x000000001a0e0000)]
  0x0000000019927800 JavaThread "Signal Dispatcher" daemon [_thread_blocked, id=15588, stack(0x0000000019ee0000,0x0000000019fe0000)]
  0x0000000017b1a800 JavaThread "Finalizer" daemon [_thread_blocked, id=5916, stack(0x0000000019de0000,0x0000000019ee0000)]
  0x0000000019900800 JavaThread "Reference Handler" daemon [_thread_blocked, id=11512, stack(0x0000000019ce0000,0x0000000019de0000)]
  0x00000000028cc800 JavaThread "main" [_thread_in_Java, id=14132, stack(0x00000000027c0000,0x00000000028c0000)]

Other Threads:
  0x0000000017b0c800 VMThread [stack: 0x00000000197e0000,0x00000000198e0000] [id=13196]
  0x000000001ab01800 WatcherThread [stack: 0x000000001c0b0000,0x000000001c1b0000] [id=6616]

VM state:not at safepoint (normal execution)

VM Mutex/Monitor currently owned by a thread: None

heap address: 0x0000000081c00000, size: 2020 MB, Compressed Oops mode: 32-bit
Narrow klass base: 0x0000000000000000, Narrow klass shift: 3
Compressed class space size: 1073741824 Address: 0x0000000100000000

Heap:
 PSYoungGen      total 356352K, used 93798K [0x00000000d5f00000, 0x00000000f3e80000, 0x0000000100000000)
  eden space 343552K, 27% used [0x00000000d5f00000,0x00000000dba998a8,0x00000000eae80000)
  from space 12800K, 0% used [0x00000000eae80000,0x00000000eae80000,0x00000000ebb00000)
  to   space 17920K, 0% used [0x00000000f2d00000,0x00000000f2d00000,0x00000000f3e80000)
 ParOldGen       total 72192K, used 25592K [0x0000000081c00000, 0x0000000086280000, 0x00000000d5f00000)
  object space 72192K, 35% used [0x0000000081c00000,0x00000000834fe388,0x0000000086280000)
 Metaspace       used 58505K, capacity 60114K, committed 60376K, reserved 1105920K
  class space    used 7808K, capacity 8119K, committed 8192K, reserved 1048576K

Card table byte_map: [0x0000000011f50000,0x0000000012350000] byte_map_base: 0x0000000011b42000

Marking Bits: (ParMarkBitMap*) 0x0000000066c65ce0
 Begin Bits: [0x0000000012e00000, 0x0000000014d90000)
 End Bits:   [0x0000000014d90000, 0x0000000016d20000)

Polling page: 0x0000000000660000

CodeCache: size=245760Kb used=17636Kb max_used=17646Kb free=228123Kb
 bounds [0x0000000002b90000, 0x0000000003ce0000, 0x0000000011b90000]
 total_blobs=5265 nmethods=4717 adapters=467
 compilation: enabled

Compilation events (10 events):
Event: 8.942 Thread 0x000000001aa9b800 nmethod 5344 0x0000000003cd29d0 code [0x0000000003cd2b60, 0x0000000003cd3158]
Event: 8.950 Thread 0x000000001aa9a000 nmethod 5334 0x0000000003cd6dd0 code [0x0000000003cd6fc0, 0x0000000003cd7e08]
Event: 8.972 Thread 0x000000001aa99000 5346       4       java.lang.Class$MethodArray::removeByNameAndDescriptor (42 bytes)
Event: 8.972 Thread 0x000000001aa9b800 5347       3       java.util.regex.Pattern$Ques::match (192 bytes)
Event: 8.973 Thread 0x000000001aa9b800 nmethod 5347 0x0000000003cd5a90 code [0x0000000003cd5cc0, 0x0000000003cd6998]
Event: 8.977 Thread 0x000000001aa99000 nmethod 5346 0x0000000003cd3850 code [0x0000000003cd39c0, 0x0000000003cd3fa8]
Event: 8.990 Thread 0x000000001aa9b800 5348       3       org.hibernate.engine.jdbc.internal.JdbcServicesImpl::getDialect (19 bytes)
Event: 8.990 Thread 0x000000001aa9b800 nmethod 5348 0x0000000003cd33d0 code [0x0000000003cd3540, 0x0000000003cd3750]
Event: 8.990 Thread 0x000000001aa9b800 5349       3       org.hibernate.engine.spi.SessionFactoryImplementor::getDialect (41 bytes)
Event: 8.990 Thread 0x000000001aa9b800 nmethod 5349 0x0000000003cd4f50 code [0x0000000003cd5120, 0x0000000003cd5818]

GC Heap History (10 events):
Event: 7.664 GC heap before
{Heap before GC invocations=13 (full 2):
 PSYoungGen      total 356352K, used 343552K [0x00000000d5f00000, 0x00000000ee780000, 0x0000000100000000)
  eden space 343552K, 100% used [0x00000000d5f00000,0x00000000eae80000,0x00000000eae80000)
  from space 12800K, 0% used [0x00000000ebb00000,0x00000000ebb00000,0x00000000ec780000)
  to   space 12800K, 0% used [0x00000000eae80000,0x00000000eae80000,0x00000000ebb00000)
 ParOldGen       total 72192K, used 16161K [0x0000000081c00000, 0x0000000086280000, 0x00000000d5f00000)
  object space 72192K, 22% used [0x0000000081c00000,0x0000000082bc8420,0x0000000086280000)
 Metaspace       used 49326K, capacity 50844K, committed 51160K, reserved 1093632K
  class space    used 6330K, capacity 6634K, committed 6656K, reserved 1048576K
Event: 7.680 GC heap after
Heap after GC invocations=13 (full 2):
 PSYoungGen      total 356352K, used 12792K [0x00000000d5f00000, 0x00000000f4f00000, 0x0000000100000000)
  eden space 343552K, 0% used [0x00000000d5f00000,0x00000000d5f00000,0x00000000eae80000)
  from space 12800K, 99% used [0x00000000eae80000,0x00000000ebafe060,0x00000000ebb00000)
  to   space 17408K, 0% used [0x00000000f3e00000,0x00000000f3e00000,0x00000000f4f00000)
 ParOldGen       total 72192K, used 24363K [0x0000000081c00000, 0x0000000086280000, 0x00000000d5f00000)
  object space 72192K, 33% used [0x0000000081c00000,0x00000000833cac60,0x0000000086280000)
 Metaspace       used 49326K, capacity 50844K, committed 51160K, reserved 1093632K
  class space    used 6330K, capacity 6634K, committed 6656K, reserved 1048576K
}
Event: 7.975 GC heap before
{Heap before GC invocations=14 (full 2):
 PSYoungGen      total 356352K, used 54456K [0x00000000d5f00000, 0x00000000f4f00000, 0x0000000100000000)
  eden space 343552K, 12% used [0x00000000d5f00000,0x00000000d87b0030,0x00000000eae80000)
  from space 12800K, 99% used [0x00000000eae80000,0x00000000ebafe060,0x00000000ebb00000)
  to   space 17408K, 0% used [0x00000000f3e00000,0x00000000f3e00000,0x00000000f4f00000)
 ParOldGen       total 72192K, used 24363K [0x0000000081c00000, 0x0000000086280000, 0x00000000d5f00000)
  object space 72192K, 33% used [0x0000000081c00000,0x00000000833cac60,0x0000000086280000)
 Metaspace       used 52316K, capacity 53764K, committed 53976K, reserved 1101824K
  class space    used 6861K, capacity 7158K, committed 7168K, reserved 1048576K
Event: 7.984 GC heap after
Heap after GC invocations=14 (full 2):
 PSYoungGen      total 360960K, used 3130K [0x00000000d5f00000, 0x00000000f4f00000, 0x0000000100000000)
  eden space 343552K, 0% used [0x00000000d5f00000,0x00000000d5f00000,0x00000000eae80000)
  from space 17408K, 17% used [0x00000000f3e00000,0x00000000f410ea80,0x00000000f4f00000)
  to   space 12800K, 0% used [0x00000000eae80000,0x00000000eae80000,0x00000000ebb00000)
 ParOldGen       total 72192K, used 35699K [0x0000000081c00000, 0x0000000086280000, 0x00000000d5f00000)
  object space 72192K, 49% used [0x0000000081c00000,0x0000000083edce00,0x0000000086280000)
 Metaspace       used 52316K, capacity 53764K, committed 53976K, reserved 1101824K
  class space    used 6861K, capacity 7158K, committed 7168K, reserved 1048576K
}
Event: 7.984 GC heap before
{Heap before GC invocations=15 (full 3):
 PSYoungGen      total 360960K, used 3130K [0x00000000d5f00000, 0x00000000f4f00000, 0x0000000100000000)
  eden space 343552K, 0% used [0x00000000d5f00000,0x00000000d5f00000,0x00000000eae80000)
  from space 17408K, 17% used [0x00000000f3e00000,0x00000000f410ea80,0x00000000f4f00000)
  to   space 12800K, 0% used [0x00000000eae80000,0x00000000eae80000,0x00000000ebb00000)
 ParOldGen       total 72192K, used 35699K [0x0000000081c00000, 0x0000000086280000, 0x00000000d5f00000)
  object space 72192K, 49% used [0x0000000081c00000,0x0000000083edce00,0x0000000086280000)
 Metaspace       used 52316K, capacity 53764K, committed 53976K, reserved 1101824K
  class space    used 6861K, capacity 7158K, committed 7168K, reserved 1048576K
Event: 8.146 GC heap after
Heap after GC invocations=15 (full 3):
 PSYoungGen      total 360960K, used 0K [0x00000000d5f00000, 0x00000000f4f00000, 0x0000000100000000)
  eden space 343552K, 0% used [0x00000000d5f00000,0x00000000d5f00000,0x00000000eae80000)
  from space 17408K, 0% used [0x00000000f3e00000,0x00000000f3e00000,0x00000000f4f00000)
  to   space 12800K, 0% used [0x00000000eae80000,0x00000000eae80000,0x00000000ebb00000)
 ParOldGen       total 72192K, used 27369K [0x0000000081c00000, 0x0000000086280000, 0x00000000d5f00000)
  object space 72192K, 37% used [0x0000000081c00000,0x00000000836ba7f0,0x0000000086280000)
 Metaspace       used 52316K, capacity 53764K, committed 53976K, reserved 1099776K
  class space    used 6861K, capacity 7158K, committed 7168K, reserved 1048576K
}
Event: 8.221 GC heap before
{Heap before GC invocations=16 (full 3):
 PSYoungGen      total 360960K, used 10409K [0x00000000d5f00000, 0x00000000f4f00000, 0x0000000100000000)
  eden space 343552K, 3% used [0x00000000d5f00000,0x00000000d692a4e0,0x00000000eae80000)
  from space 17408K, 0% used [0x00000000f3e00000,0x00000000f3e00000,0x00000000f4f00000)
  to   space 12800K, 0% used [0x00000000eae80000,0x00000000eae80000,0x00000000ebb00000)
 ParOldGen       total 72192K, used 27369K [0x0000000081c00000, 0x0000000086280000, 0x00000000d5f00000)
  object space 72192K, 37% used [0x0000000081c00000,0x00000000836ba7f0,0x0000000086280000)
 Metaspace       used 52914K, capacity 54372K, committed 54616K, reserved 1103872K
  class space    used 6947K, capacity 7254K, committed 7296K, reserved 1048576K
Event: 8.224 GC heap after
Heap after GC invocations=16 (full 3):
 PSYoungGen      total 356352K, used 814K [0x00000000d5f00000, 0x00000000f3e80000, 0x0000000100000000)
  eden space 343552K, 0% used [0x00000000d5f00000,0x00000000d5f00000,0x00000000eae80000)
  from space 12800K, 6% used [0x00000000eae80000,0x00000000eaf4b978,0x00000000ebb00000)
  to   space 17920K, 0% used [0x00000000f2d00000,0x00000000f2d00000,0x00000000f3e80000)
 ParOldGen       total 72192K, used 27369K [0x0000000081c00000, 0x0000000086280000, 0x00000000d5f00000)
  object space 72192K, 37% used [0x0000000081c00000,0x00000000836ba7f0,0x0000000086280000)
 Metaspace       used 52914K, capacity 54372K, committed 54616K, reserved 1103872K
  class space    used 6947K, capacity 7254K, committed 7296K, reserved 1048576K
}
Event: 8.224 GC heap before
{Heap before GC invocations=17 (full 4):
 PSYoungGen      total 356352K, used 814K [0x00000000d5f00000, 0x00000000f3e80000, 0x0000000100000000)
  eden space 343552K, 0% used [0x00000000d5f00000,0x00000000d5f00000,0x00000000eae80000)
  from space 12800K, 6% used [0x00000000eae80000,0x00000000eaf4b978,0x00000000ebb00000)
  to   space 17920K, 0% used [0x00000000f2d00000,0x00000000f2d00000,0x00000000f3e80000)
 ParOldGen       total 72192K, used 27369K [0x0000000081c00000, 0x0000000086280000, 0x00000000d5f00000)
  object space 72192K, 37% used [0x0000000081c00000,0x00000000836ba7f0,0x0000000086280000)
 Metaspace       used 52914K, capacity 54372K, committed 54616K, reserved 1103872K
  class space    used 6947K, capacity 7254K, committed 7296K, reserved 1048576K
Event: 8.269 GC heap after
Heap after GC invocations=17 (full 4):
 PSYoungGen      total 356352K, used 0K [0x00000000d5f00000, 0x00000000f3e80000, 0x0000000100000000)
  eden space 343552K, 0% used [0x00000000d5f00000,0x00000000d5f00000,0x00000000eae80000)
  from space 12800K, 0% used [0x00000000eae80000,0x00000000eae80000,0x00000000ebb00000)
  to   space 17920K, 0% used [0x00000000f2d00000,0x00000000f2d00000,0x00000000f3e80000)
 ParOldGen       total 72192K, used 25592K [0x0000000081c00000, 0x0000000086280000, 0x00000000d5f00000)
  object space 72192K, 35% used [0x0000000081c00000,0x00000000834fe388,0x0000000086280000)
 Metaspace       used 52914K, capacity 54372K, committed 54616K, reserved 1101824K
  class space    used 6947K, capacity 7254K, committed 7296K, reserved 1048576K
}

Deoptimization events (10 events):
Event: 7.283 Thread 0x00000000028cc800 Uncommon trap: reason=unstable_if action=reinterpret pc=0x0000000002cd5b64 method=java.util.concurrent.ConcurrentHashMap.putVal(Ljava/lang/Object;Ljava/lang/Object;Z)Ljava/lang/Object; @ 152
Event: 7.370 Thread 0x00000000028cc800 Uncommon trap: reason=unstable_if action=reinterpret pc=0x00000000037d56d8 method=org.springframework.util.StringUtils.cleanPath(Ljava/lang/String;)Ljava/lang/String; @ 4
Event: 7.575 Thread 0x00000000028cc800 Uncommon trap: reason=class_check action=maybe_recompile pc=0x00000000033d7b68 method=java.util.AbstractList$Itr.hasNext()Z @ 8
Event: 7.575 Thread 0x00000000028cc800 Uncommon trap: reason=class_check action=maybe_recompile pc=0x00000000035f62a8 method=java.util.AbstractList$Itr.next()Ljava/lang/Object; @ 14
Event: 7.594 Thread 0x00000000028cc800 Uncommon trap: reason=array_check action=maybe_recompile pc=0x0000000003393478 method=java.util.AbstractCollection.toArray([Ljava/lang/Object;)[Ljava/lang/Object; @ 119
Event: 7.687 Thread 0x00000000028cc800 Uncommon trap: reason=unstable_if action=reinterpret pc=0x000000000310aca4 method=java.lang.ClassLoader.getClassLoadingLock(Ljava/lang/String;)Ljava/lang/Object; @ 6
Event: 7.797 Thread 0x00000000028cc800 Uncommon trap: reason=array_check action=maybe_recompile pc=0x0000000003393478 method=java.util.AbstractCollection.toArray([Ljava/lang/Object;)[Ljava/lang/Object; @ 119
Event: 7.798 Thread 0x00000000028cc800 Uncommon trap: reason=array_check action=maybe_recompile pc=0x0000000003393478 method=java.util.AbstractCollection.toArray([Ljava/lang/Object;)[Ljava/lang/Object; @ 119
Event: 8.299 Thread 0x00000000028cc800 Uncommon trap: reason=array_check action=maybe_recompile pc=0x0000000003393478 method=java.util.AbstractCollection.toArray([Ljava/lang/Object;)[Ljava/lang/Object; @ 119
Event: 8.443 Thread 0x00000000028cc800 Uncommon trap: reason=unstable_if action=reinterpret pc=0x0000000003416950 method=java.lang.reflect.Method.invoke(Ljava/lang/Object;[Ljava/lang/Object;)Ljava/lang/Object; @ 18

Classes redefined (0 events):
No events

Internal exceptions (10 events):
Event: 7.343 Thread 0x00000000028cc800 Exception <a 'java/lang/ClassNotFoundException': org/springframework/beans/factory/BeanClassLoaderAwareCustomizer> (0x00000000e83424e8) thrown at [C:\re\workspace\8-2-build-windows-amd64-cygwin\jdk8u211\12973\hotspot\src\share\vm\classfile\systemDictionar
Event: 7.344 Thread 0x00000000028cc800 Exception <a 'java/lang/ClassNotFoundException': org/springframework/beans/factory/AwareCustomizer> (0x00000000e837a7f8) thrown at [C:\re\workspace\8-2-build-windows-amd64-cygwin\jdk8u211\12973\hotspot\src\share\vm\classfile\systemDictionary.cpp, line 210
Event: 7.345 Thread 0x00000000028cc800 Exception <a 'java/lang/ClassNotFoundException': org/springframework/beans/factory/BeanFactoryAwareCustomizer> (0x00000000e83ba320) thrown at [C:\re\workspace\8-2-build-windows-amd64-cygwin\jdk8u211\12973\hotspot\src\share\vm\classfile\systemDictionary.cp
Event: 7.346 Thread 0x00000000028cc800 Exception <a 'java/lang/ClassNotFoundException': org/springframework/beans/factory/AwareCustomizer> (0x00000000e83f2b90) thrown at [C:\re\workspace\8-2-build-windows-amd64-cygwin\jdk8u211\12973\hotspot\src\share\vm\classfile\systemDictionary.cpp, line 210
Event: 7.347 Thread 0x00000000028cc800 Exception <a 'java/lang/ClassNotFoundException': org/springframework/beans/factory/BeanNameAwareCustomizer> (0x00000000e842fac8) thrown at [C:\re\workspace\8-2-build-windows-amd64-cygwin\jdk8u211\12973\hotspot\src\share\vm\classfile\systemDictionary.cpp, 
Event: 7.349 Thread 0x00000000028cc800 Exception <a 'java/lang/ClassNotFoundException': org/springframework/beans/factory/AwareCustomizer> (0x00000000e8467e30) thrown at [C:\re\workspace\8-2-build-windows-amd64-cygwin\jdk8u211\12973\hotspot\src\share\vm\classfile\systemDictionary.cpp, line 210
Event: 7.350 Thread 0x00000000028cc800 Exception <a 'java/lang/ClassNotFoundException': org/springframework/beans/factory/InitializingBeanCustomizer> (0x00000000e84a79d0) thrown at [C:\re\workspace\8-2-build-windows-amd64-cygwin\jdk8u211\12973\hotspot\src\share\vm\classfile\systemDictionary.cp
Event: 7.352 Thread 0x00000000028cc800 Exception <a 'java/lang/ClassNotFoundException': org/springframework/beans/factory/DisposableBeanCustomizer> (0x00000000e84e5158) thrown at [C:\re\workspace\8-2-build-windows-amd64-cygwin\jdk8u211\12973\hotspot\src\share\vm\classfile\systemDictionary.cpp,
Event: 7.353 Thread 0x00000000028cc800 Exception <a 'java/lang/ClassNotFoundException': org/springframework/orm/jpa/EntityManagerFactoryInfoCustomizer> (0x00000000e85267c0) thrown at [C:\re\workspace\8-2-build-windows-amd64-cygwin\jdk8u211\12973\hotspot\src\share\vm\classfile\systemDictionary.
Event: 7.355 Thread 0x00000000028cc800 Exception <a 'java/lang/ClassNotFoundException': org/springframework/dao/support/PersistenceExceptionTranslatorCustomizer> (0x00000000e857bd28) thrown at [C:\re\workspace\8-2-build-windows-amd64-cygwin\jdk8u211\12973\hotspot\src\share\vm\classfile\systemD

Events (10 events):
Event: 9.008 Thread 0x00000000028cc800 DEOPT PACKING pc=0x000000000375e1e4 sp=0x00000000028bbe20
Event: 9.008 Thread 0x00000000028cc800 DEOPT UNPACKING pc=0x0000000002bd7890 sp=0x00000000028bbc40 mode 1
Event: 9.008 Thread 0x00000000028cc800 DEOPT PACKING pc=0x000000000375df7c sp=0x00000000028bbfb0
Event: 9.008 Thread 0x00000000028cc800 DEOPT UNPACKING pc=0x0000000002bd7890 sp=0x00000000028bbdd0 mode 1
Event: 9.009 loading class org/hibernate/loader/JoinWalker$AssociationInitCallback
Event: 9.009 loading class org/hibernate/loader/JoinWalker$AssociationInitCallback done
Event: 9.009 Thread 0x00000000028cc800 DEOPT PACKING pc=0x000000000375e1e4 sp=0x00000000028bc480
Event: 9.009 Thread 0x00000000028cc800 DEOPT UNPACKING pc=0x0000000002bd7890 sp=0x00000000028bc2a0 mode 1
Event: 9.009 Thread 0x00000000028cc800 DEOPT PACKING pc=0x000000000375df7c sp=0x00000000028bc610
Event: 9.009 Thread 0x00000000028cc800 DEOPT UNPACKING pc=0x0000000002bd7890 sp=0x00000000028bc430 mode 1


Dynamic libraries:
0x00007ff655d50000 - 0x00007ff655d87000 	D:\develop\jdk\jdk1.8.0_211\bin\java.exe
0x00007ffd74e40000 - 0x00007ffd75030000 	C:\Windows\SYSTEM32\ntdll.dll
0x00007ffd73360000 - 0x00007ffd73412000 	C:\Windows\System32\KERNEL32.DLL
0x00007ffd71e30000 - 0x00007ffd720d3000 	C:\Windows\System32\KERNELBASE.dll
0x00007ffd73c80000 - 0x00007ffd73d23000 	C:\Windows\System32\ADVAPI32.dll
0x00007ffd735d0000 - 0x00007ffd7366e000 	C:\Windows\System32\msvcrt.dll
0x00007ffd73be0000 - 0x00007ffd73c77000 	C:\Windows\System32\sechost.dll
0x00007ffd72f00000 - 0x00007ffd73020000 	C:\Windows\System32\RPCRT4.dll
0x00007ffd74810000 - 0x00007ffd749a3000 	C:\Windows\System32\USER32.dll
0x00007ffd72b90000 - 0x00007ffd72bb1000 	C:\Windows\System32\win32u.dll
0x00007ffd73d30000 - 0x00007ffd73d56000 	C:\Windows\System32\GDI32.dll
0x00007ffd72d60000 - 0x00007ffd72ef4000 	C:\Windows\System32\gdi32full.dll
0x00007ffd72aa0000 - 0x00007ffd72b3e000 	C:\Windows\System32\msvcp_win.dll
0x00007ffd720e0000 - 0x00007ffd721da000 	C:\Windows\System32\ucrtbase.dll
0x00007ffd60d60000 - 0x00007ffd60fe5000 	C:\Windows\WinSxS\amd64_microsoft.windows.common-controls_6595b64144ccf1df_6.0.18362.175_none_e6c3ab1f131014c9\COMCTL32.dll
0x00007ffd73020000 - 0x00007ffd73356000 	C:\Windows\System32\combase.dll
0x00007ffd721e0000 - 0x00007ffd72261000 	C:\Windows\System32\bcryptPrimitives.dll
0x00007ffd73d60000 - 0x00007ffd73d8e000 	C:\Windows\System32\IMM32.DLL
0x0000000066cf0000 - 0x0000000066dc2000 	D:\develop\jdk\jdk1.8.0_211\jre\bin\msvcr100.dll
0x0000000066440000 - 0x0000000066ce5000 	D:\develop\jdk\jdk1.8.0_211\jre\bin\server\jvm.dll
0x00007ffd74c50000 - 0x00007ffd74c58000 	C:\Windows\System32\PSAPI.DLL
0x00007ffd6acf0000 - 0x00007ffd6acf9000 	C:\Windows\SYSTEM32\WSOCK32.dll
0x00007ffd6f9e0000 - 0x00007ffd6fa04000 	C:\Windows\SYSTEM32\WINMM.dll
0x00007ffd74d90000 - 0x00007ffd74dff000 	C:\Windows\System32\WS2_32.dll
0x00007ffd69010000 - 0x00007ffd6901a000 	C:\Windows\SYSTEM32\VERSION.dll
0x00007ffd6f560000 - 0x00007ffd6f58d000 	C:\Windows\SYSTEM32\WINMMBASE.dll
0x00007ffd72d10000 - 0x00007ffd72d5a000 	C:\Windows\System32\cfgmgr32.dll
0x00007ffd64af0000 - 0x00007ffd64aff000 	D:\develop\jdk\jdk1.8.0_211\jre\bin\verify.dll
0x00007ffd501d0000 - 0x00007ffd501f9000 	D:\develop\jdk\jdk1.8.0_211\jre\bin\java.dll
0x00007ffd6c220000 - 0x00007ffd6c255000 	D:\develop\jdk\jdk1.8.0_211\jre\bin\jdwp.dll
0x00007ffd6c210000 - 0x00007ffd6c218000 	D:\develop\jdk\jdk1.8.0_211\jre\bin\npt.dll
0x00007ffd5ad00000 - 0x00007ffd5ad23000 	D:\develop\jdk\jdk1.8.0_211\jre\bin\instrument.dll
0x00007ffd61e10000 - 0x00007ffd61e26000 	D:\develop\jdk\jdk1.8.0_211\jre\bin\zip.dll
0x00007ffd74130000 - 0x00007ffd74810000 	C:\Windows\System32\SHELL32.dll
0x00007ffd73e80000 - 0x00007ffd73f29000 	C:\Windows\System32\shcore.dll
0x00007ffd72320000 - 0x00007ffd72a9b000 	C:\Windows\System32\windows.storage.dll
0x00007ffd71d40000 - 0x00007ffd71d5f000 	C:\Windows\System32\profapi.dll
0x00007ffd71d60000 - 0x00007ffd71daa000 	C:\Windows\System32\powrprof.dll
0x00007ffd71d10000 - 0x00007ffd71d20000 	C:\Windows\System32\UMPDC.dll
0x00007ffd740d0000 - 0x00007ffd74122000 	C:\Windows\System32\shlwapi.dll
0x00007ffd71d20000 - 0x00007ffd71d31000 	C:\Windows\System32\kernel.appcore.dll
0x00007ffd72b40000 - 0x00007ffd72b57000 	C:\Windows\System32\cryptsp.dll
0x00007ffd6c200000 - 0x00007ffd6c209000 	D:\develop\jdk\jdk1.8.0_211\jre\bin\dt_socket.dll
0x00007ffd71510000 - 0x00007ffd71577000 	C:\Windows\system32\mswsock.dll
0x00007ffd501b0000 - 0x00007ffd501ca000 	D:\develop\jdk\jdk1.8.0_211\jre\bin\net.dll
0x00007ffd62710000 - 0x00007ffd628e4000 	C:\Windows\SYSTEM32\urlmon.dll
0x00007ffd63320000 - 0x00007ffd635c6000 	C:\Windows\SYSTEM32\iertutil.dll
0x00007ffd716e0000 - 0x00007ffd716ec000 	C:\Windows\SYSTEM32\CRYPTBASE.DLL
0x00007ffd71270000 - 0x00007ffd712aa000 	C:\Windows\SYSTEM32\IPHLPAPI.DLL
0x00007ffd73670000 - 0x00007ffd73678000 	C:\Windows\System32\NSI.dll
0x00007ffd69340000 - 0x00007ffd69356000 	C:\Windows\SYSTEM32\dhcpcsvc6.DLL
0x00007ffd69320000 - 0x00007ffd6933c000 	C:\Windows\SYSTEM32\dhcpcsvc.DLL
0x00007ffd712b0000 - 0x00007ffd7137a000 	C:\Windows\SYSTEM32\DNSAPI.dll
0x00007ffd69020000 - 0x00007ffd6902a000 	C:\Windows\System32\rasadhlp.dll
0x00007ffd66640000 - 0x00007ffd666b7000 	C:\Windows\System32\fwpuclnt.dll
0x00007ffd72b60000 - 0x00007ffd72b86000 	C:\Windows\System32\bcrypt.dll
0x00007ffd61d60000 - 0x00007ffd61d6d000 	D:\develop\jdk\jdk1.8.0_211\jre\bin\management.dll
0x00007ffd5a960000 - 0x00007ffd5a976000 	C:\Windows\system32\napinsp.dll
0x00007ffd5a500000 - 0x00007ffd5a51a000 	C:\Windows\system32\pnrpnsp.dll
0x00007ffd5dfa0000 - 0x00007ffd5dfae000 	C:\Windows\System32\winrnr.dll
0x00007ffd6e2c0000 - 0x00007ffd6e2dc000 	C:\Windows\system32\NLAapi.dll
0x00007ffd6d7a0000 - 0x00007ffd6d7b5000 	C:\Windows\system32\wshbth.dll
0x00007ffd4eaa0000 - 0x00007ffd4eab2000 	D:\develop\jdk\jdk1.8.0_211\jre\bin\nio.dll
0x00007ffd6c270000 - 0x00007ffd6c294000 	D:\develop\jdk\jdk1.8.0_211\jre\bin\sunec.dll
0x00007ffd710d0000 - 0x00007ffd71103000 	C:\Windows\system32\rsaenh.dll
0x00007ffd71b90000 - 0x00007ffd71bb5000 	C:\Windows\SYSTEM32\USERENV.dll
0x00007ffd6c1f0000 - 0x00007ffd6c1fb000 	D:\develop\jdk\jdk1.8.0_211\jre\bin\sunmscapi.dll
0x00007ffd72bc0000 - 0x00007ffd72d09000 	C:\Windows\System32\CRYPT32.dll
0x00007ffd71db0000 - 0x00007ffd71dc2000 	C:\Windows\System32\MSASN1.dll

VM Arguments:
jvm_args: -agentlib:jdwp=transport=dt_socket,address=127.0.0.1:6787,suspend=y,server=n -ea -Didea.test.cyclic.buffer.size=1048576 -javaagent:C:\Users\Administrator\.IntelliJIdea2019.1\system\captureAgent\debugger-agent.jar -Dfile.encoding=UTF-8 
java_command: com.intellij.rt.execution.junit.JUnitStarter -ideVersion5 -junit4 testMapper,test1
java_class_path (initial): D:\develop\JetBrains\IntelliJ IDEA 2019.1.3\lib\idea_rt.jar;D:\develop\JetBrains\IntelliJ IDEA 2019.1.3\plugins\junit\lib\junit-rt.jar;D:\develop\JetBrains\IntelliJ IDEA 2019.1.3\plugins\junit\lib\junit5-rt.jar;D:\develop\jdk\jdk1.8.0_211\jre\lib\charsets.jar;D:\develop\jdk\jdk1.8.0_211\jre\lib\deploy.jar;D:\develop\jdk\jdk1.8.0_211\jre\lib\ext\access-bridge-64.jar;D:\develop\jdk\jdk1.8.0_211\jre\lib\ext\cldrdata.jar;D:\develop\jdk\jdk1.8.0_211\jre\lib\ext\dnsns.jar;D:\develop\jdk\jdk1.8.0_211\jre\lib\ext\jaccess.jar;D:\develop\jdk\jdk1.8.0_211\jre\lib\ext\jfxrt.jar;D:\develop\jdk\jdk1.8.0_211\jre\lib\ext\localedata.jar;D:\develop\jdk\jdk1.8.0_211\jre\lib\ext\nashorn.jar;D:\develop\jdk\jdk1.8.0_211\jre\lib\ext\sunec.jar;D:\develop\jdk\jdk1.8.0_211\jre\lib\ext\sunjce_provider.jar;D:\develop\jdk\jdk1.8.0_211\jre\lib\ext\sunmscapi.jar;D:\develop\jdk\jdk1.8.0_211\jre\lib\ext\sunpkcs11.jar;D:\develop\jdk\jdk1.8.0_211\jre\lib\ext\zipfs.jar;D:\develop\jdk\jdk1.8.0_211\jre\lib\javaws.jar;D:\develop\jdk\jdk1.8.0_211\jre\lib\jce.jar;D:\develop\jdk\jdk1.8.0_211\jre\lib\jfr.jar;D:\develop\jdk\jdk1.8.0_211\jre\lib\jfxswt.jar;D:\develop\jdk\jdk1.8.0_211\jre\lib\jsse.jar;D:\develop\jdk\jdk1.8.0_211\jre\lib\management-agent.jar;D:\develop\jdk\jdk1.8.0_211\jre\lib\plugin.jar;D:\develop\jdk\jdk1.8.0_211\jre\lib\resources.jar;D:\develop\jdk\jdk1.8.0_211\jre\lib\rt.jar;D:\Projects\IdeaProjects\xcEduService01\xc-service-ucenter\target\test-classes;D:\Projects\IdeaProjects\xcEduService01\xc-service-ucenter\target\classes;D:\Projects\IdeaProjects\xcEduService01\xc-framework-model\target\classes;D:\develop\apache-maven-3.6.1-bin\mvn_repository\io\springfox\springfox-swagger2\2.9.2\springfox-swagger2-2.9.2.jar;D:\develop\apache-maven-3.6.1-bin\mvn_repository\io\swagger\swagger-annotations\1.5.20\swagger-annotations-1.5.20.jar;D:\develop\apache-maven-3.6.1-bin\mvn_repository\io\swagger\swagger-models\1.5.20\swagger-models-1.5.20.jar;D:\develop\apache-maven-3.6.1-
Launcher Type: SUN_STANDARD

Environment Variables:
JAVA_HOME=D:\develop\jdk\jdk1.8.0_211
PATH=C:\Program Files (x86)\Common Files\Oracle\Java\javapath;C:\Windows\system32;C:\Windows;C:\Windows\System32\Wbem;C:\Windows\System32\WindowsPowerShell\v1.0\;C:\Windows\System32\OpenSSH\;D:\develop\nodejs\;D:\develop\jdk\jdk1.8.0_211\bin;D:\develop\jdk\jdk1.8.0_211\jre\bin;D:\develop\erl10.4\bin;D:\develop\mysql\mysql-8.0.16-winx64\bin;D:\develop\MongoDB\Server\4.2\bin;D:\develop\nodejs;D:\develop\nodejs\npm_modules;D:\develop\Git\cmd;D:\develop\TortoiseGit\bin;D:\develop\Microsoft VS Code\bin;D:\app\ffmpeg\ffmpeg-20190623-ffa64a4-win64-static\bin;D:\develop\OpenSSL-Win64\bin;D:\develop\Ruby25-x64\bin;C:\Users\Administrator\AppData\Local\Microsoft\WindowsApps;;D:\develop\JetBrains\WebStorm 2019.1.3\bin;;D:\develop\JetBrains\IntelliJ IDEA 2019.1.3\bin;;C:\Users\Administrator\AppData\Roaming\npm
USERNAME=Administrator
OS=Windows_NT
PROCESSOR_IDENTIFIER=Intel64 Family 6 Model 142 Stepping 10, GenuineIntel



---------------  S Y S T E M  ---------------

OS: Windows 10.0 , 64 bit Build 18362 (10.0.18362.86)

CPU:total 8 (initial active 8) (4 cores per cpu, 2 threads per core) family 6 model 142 stepping 10, cmov, cx8, fxsr, mmx, sse, sse2, sse3, ssse3, sse4.1, sse4.2, popcnt, avx, avx2, aes, clmul, erms, 3dnowpref, lzcnt, ht, tsc, tscinvbit, bmi1, bmi2, adx

Memory: 4k page, physical 8269924k(793516k free), swap 14823520k(6684k free)

vm_info: Java HotSpot(TM) 64-Bit Server VM (25.211-b12) for windows-amd64 JRE (1.8.0_211-b12), built on Apr  1 2019 20:53:26 by "java_re" with MS VC++ 10.0 (VS2010)

time: Mon Jul 01 16:17:03 2019
timezone: 中国标准时间
elapsed time: 9 seconds (0d 0h 0m 9s)

